<?xml version="1.0" encoding="UTF-8"?>
<!-- Generated by org.testng.reporters.JUnitReportReporter -->
<testsuite skipped="0" hostname="DESKTOP-Q4NAHNC" name="com.orghrm.qa.pageTests.UserTest" tests="1" failures="0" timestamp="2021-09-03T11:49:58 IST" time="11.911" errors="0">
  <testcase name="addUser" time="11.911" classname="com.orghrm.qa.pageTests.UserTest"/>
  <system-out/>
</testsuite> <!-- com.orghrm.qa.pageTests.UserTest -->
