<?xml version="1.0" encoding="UTF-8"?>
<!-- Generated by org.testng.reporters.JUnitReportReporter -->
<testsuite skipped="0" hostname="DESKTOP-Q4NAHNC" name="com.orghrm.qa.pageTests.BaseTest" tests="1" failures="0" timestamp="2021-09-01T11:51:32 IST" time="14.250" errors="0">
  <testcase name="setUp" time="14.250" classname="com.orghrm.qa.pageTests.BaseTest"/>
  <system-out/>
</testsuite> <!-- com.orghrm.qa.pageTests.BaseTest -->
