<?xml version="1.0" encoding="UTF-8"?>
<!-- Generated by org.testng.reporters.JUnitReportReporter -->
<testsuite skipped="0" hostname="DESKTOP-Q4NAHNC" name="com.orghrm.qa.pageTests.AlertHandling" tests="3" failures="0" timestamp="2021-09-02T13:45:39 IST" time="1.588" errors="0">
  <testcase name="alert" time="0.176" classname="com.orghrm.qa.pageTests.AlertHandling"/>
  <system-out/>
  <testcase name="confirmBox" time="1.161" classname="com.orghrm.qa.pageTests.AlertHandling"/>
  <system-out/>
  <testcase name="promtBox" time="0.251" classname="com.orghrm.qa.pageTests.AlertHandling"/>
  <system-out/>
</testsuite> <!-- com.orghrm.qa.pageTests.AlertHandling -->
