<?xml version="1.0" encoding="UTF-8"?>
<!-- Generated by org.testng.reporters.JUnitReportReporter -->
<testsuite skipped="0" hostname="DESKTOP-Q4NAHNC" name="com.orghrm.qa.pageTests.HomeTest" tests="1" failures="0" timestamp="2021-09-03T11:14:57 IST" time="7.825" errors="0">
  <testcase name="LogOut" time="7.825" classname="com.orghrm.qa.pageTests.HomeTest"/>
  <system-out/>
</testsuite> <!-- com.orghrm.qa.pageTests.HomeTest -->
