<?xml version="1.0" encoding="UTF-8"?>
<!-- Generated by org.testng.reporters.JUnitReportReporter -->
<testsuite skipped="0" hostname="DESKTOP-Q4NAHNC" name="Login" tests="1" failures="0" timestamp="2021-08-27T11:55:15 IST" time="22.231" errors="0">
  <testcase name="launchBrowser" time="22.231" classname="Login"/>
  <system-out/>
</testsuite> <!-- Login -->
