<?xml version="1.0" encoding="UTF-8"?>
<!-- Generated by org.testng.reporters.JUnitReportReporter -->
<testsuite skipped="0" hostname="DESKTOP-Q4NAHNC" name="DataProviderDemo" tests="3" failures="0" timestamp="2021-08-27T12:03:40 IST" time="0.023" errors="0">
  <testcase name="login" time="0.003" classname="DataProviderDemo"/>
  <system-out/>
  <testcase name="login" time="0.003" classname="DataProviderDemo"/>
  <system-out/>
  <testcase name="login" time="0.017" classname="DataProviderDemo"/>
  <system-out/>
</testsuite> <!-- DataProviderDemo -->
